/*C1*/SET SCHEMA SYSTEM_LOBS
INSERT INTO BLOCKS VALUES(0,2147483647,0)
COMMIT
/*C2*/SET SCHEMA PUBLIC
\u000a    create table user (\u000a       id integer not null,\u000a        active boolean not null,\u000a        password varchar(255),\u000a        roles varchar(255),\u000a        user_name varchar(255),\u000a        primary key (id)\u000a    )
create sequence hibernate_sequence start with 1 increment by 1
INSERT INTO USER VALUES(1,TRUE,'123','ROLE_ADMIN','Admin Um')
ALTER SEQUENCE PUBLIC.HIBERNATE_SEQUENCE RESTART WITH 2
COMMIT
INSERT INTO USER VALUES(2,TRUE,'234','ROLE_ADMIN','Admin Dois')
ALTER SEQUENCE PUBLIC.HIBERNATE_SEQUENCE RESTART WITH 3
COMMIT
INSERT INTO USER VALUES(3,TRUE,'345','ROLE_USER','Usu\u00e1rio Um')
ALTER SEQUENCE PUBLIC.HIBERNATE_SEQUENCE RESTART WITH 4
COMMIT
INSERT INTO USER VALUES(4,TRUE,'567','ROLE_USER','Usu\u00e1rio Dois')
ALTER SEQUENCE PUBLIC.HIBERNATE_SEQUENCE RESTART WITH 5
COMMIT
INSERT INTO USER VALUES(5,TRUE,'pass','ROLE_USER','user')
ALTER SEQUENCE PUBLIC.HIBERNATE_SEQUENCE RESTART WITH 6
COMMIT
DISCONNECT
/*C3*/SET SCHEMA PUBLIC
DISCONNECT
/*C4*/SET SCHEMA PUBLIC
DISCONNECT
/*C5*/SET SCHEMA PUBLIC
DISCONNECT
/*C6*/SET SCHEMA PUBLIC
DISCONNECT
/*C7*/SET SCHEMA PUBLIC
DISCONNECT
/*C8*/SET SCHEMA PUBLIC
DISCONNECT
/*C9*/SET SCHEMA PUBLIC
DISCONNECT
/*C10*/SET SCHEMA PUBLIC
DISCONNECT
/*C11*/SET SCHEMA PUBLIC
DISCONNECT
